#
# There is insufficient memory for the Java Runtime Environment to continue.
# Native memory allocation (malloc) failed to allocate 318576 bytes. Error detail: Chunk::new
# Possible reasons:
#   The system is out of physical RAM or swap space
#   This process is running with CompressedOops enabled, and the Java Heap may be blocking the growth of the native heap
# Possible solutions:
#   Reduce memory load on the system
#   Increase physical memory or swap space
#   Check if swap backing store is full
#   Decrease Java heap size (-Xmx/-Xms)
#   Decrease number of Java threads
#   Decrease Java thread stack sizes (-Xss)
#   Set larger code cache with -XX:ReservedCodeCacheSize=
#   JVM is running with Unscaled Compressed Oops mode in which the Java heap is
#     placed in the first 4GB address space. The Java Heap base address is the
#     maximum limit for the native heap growth. Please use -XX:HeapBaseMinAddress
#     to set the Java Heap base and to place the Java Heap above 4GB virtual address.
# This output file may be truncated or incomplete.
#
#  Out of Memory Error (arena.cpp:168), pid=15480, tid=9848
#
# JRE version: OpenJDK Runtime Environment Temurin-21.0.11+10 (21.0.11+10) (build 21.0.11+10-LTS)
# Java VM: OpenJDK 64-Bit Server VM Temurin-21.0.11+10 (21.0.11+10-LTS, mixed mode, sharing, tiered, compressed oops, compressed class ptrs, parallel gc, windows-amd64)
# No core dump will be written. Minidumps are not enabled by default on client versions of Windows
#

---------------  S U M M A R Y ------------

Command Line: --add-modules=ALL-SYSTEM --add-opens=java.base/java.util=ALL-UNNAMED --add-opens=java.base/java.lang=ALL-UNNAMED --add-opens=java.base/sun.nio.fs=ALL-UNNAMED -Declipse.application=org.eclipse.jdt.ls.core.id1 -Dosgi.bundles.defaultStartLevel=4 -Declipse.product=org.eclipse.jdt.ls.core.product -Djava.import.generatesMetadataFilesAtProjectRoot=false -DDetectVMInstallationsJob.disabled=true -Dfile.encoding=utf8 -XX:+UseParallelGC -XX:GCTimeRatio=4 -XX:AdaptiveSizePolicyWeight=90 -Dsun.zip.disableMemoryMapping=true -Xmx2G -Xms100m -Xlog:disable -javaagent:c:\Users\mikha\.vscode\extensions\redhat.java-1.55.0-win32-x64\lombok\lombok-1.18.39-4050.jar -XX:+HeapDumpOnOutOfMemoryError -XX:HeapDumpPath=c:\Users\mikha\AppData\Roaming\Code\User\workspaceStorage\2e6d2c080e5fc40c6e3ba34372fdbd9d\redhat.java -Daether.dependencyCollector.impl=bf c:\Users\mikha\.vscode\extensions\redhat.java-1.55.0-win32-x64\server\plugins\org.eclipse.equinox.launcher_1.7.200.v20260619-2039.jar -configuration c:\Users\mikha\AppData\Roaming\Code\User\globalStorage\redhat.java\1.55.0\config_win -data c:\Users\mikha\AppData\Roaming\Code\User\workspaceStorage\2e6d2c080e5fc40c6e3ba34372fdbd9d\redhat.java\jdt_ws --pipe=\\.\pipe\lsp-4eac818601d6c87b51ef8005d86de26e-sock

Host: 11th Gen Intel(R) Core(TM) i3-1115G4 @ 3.00GHz, 4 cores, 3G,  Windows 11 , 64 bit Build 26100 (10.0.26100.8875)
Time: Tue Jul 21 17:07:09 2026 Hora oficial do Brasil elapsed time: 5.288591 seconds (0d 0h 0m 5s)

---------------  T H R E A D  ---------------

Current thread (0x00000236712ab600):  JavaThread "C2 CompilerThread0" daemon [_thread_in_native, id=9848, stack(0x0000006cedc00000,0x0000006cedd00000) (1024K)]


Current CompileTask:
C2:5288 1621       4       lombok.patcher.scripts.MethodLevelPatchScript::patch (21 bytes)

Stack: [0x0000006cedc00000,0x0000006cedd00000]
Native frames: (J=compiled Java code, j=interpreted, Vv=VM code, C=native code)
V  [jvm.dll+0x6d7e19]
V  [jvm.dll+0x8b5096]
V  [jvm.dll+0x8b764e]
V  [jvm.dll+0x8b7d33]
V  [jvm.dll+0x284596]
V  [jvm.dll+0xc685d]
V  [jvm.dll+0xc6da1]
V  [jvm.dll+0x3bed31]
V  [jvm.dll+0x38b2b2]
V  [jvm.dll+0x38a6fa]
V  [jvm.dll+0x24c700]
V  [jvm.dll+0x24bce0]
V  [jvm.dll+0x1cb4ae]
V  [jvm.dll+0x25baad]
V  [jvm.dll+0x25a03a]
V  [jvm.dll+0x3f868e]
V  [jvm.dll+0x85fb0d]
V  [jvm.dll+0x6d664d]
C  [ucrtbase.dll+0x2cd30]
C  [KERNEL32.DLL+0x2e957]
C  [ntdll.dll+0xaad6c]


---------------  P R O C E S S  ---------------

Threads class SMR info:
_java_thread_list=0x000002367e0751c0, length=12, elements={
0x00000236713ab110, 0x0000023671298800, 0x000002367129a6d0, 0x00000236712a44d0,
0x00000236712a52e0, 0x00000236712a5d40, 0x00000236712a67a0, 0x00000236712ab600,
0x0000023671321d30, 0x0000023679a89160, 0x0000023679bf8ea0, 0x000002367e187c50
}

Java Threads: ( => current thread )
  0x00000236713ab110 JavaThread "main"                              [_thread_in_native, id=2756, stack(0x0000006ced200000,0x0000006ced300000) (1024K)]
  0x0000023671298800 JavaThread "Reference Handler"          daemon [_thread_blocked, id=15004, stack(0x0000006ced600000,0x0000006ced700000) (1024K)]
  0x000002367129a6d0 JavaThread "Finalizer"                  daemon [_thread_blocked, id=4804, stack(0x0000006ced700000,0x0000006ced800000) (1024K)]
  0x00000236712a44d0 JavaThread "Signal Dispatcher"          daemon [_thread_blocked, id=5208, stack(0x0000006ced800000,0x0000006ced900000) (1024K)]
  0x00000236712a52e0 JavaThread "Attach Listener"            daemon [_thread_blocked, id=15324, stack(0x0000006ced900000,0x0000006ceda00000) (1024K)]
  0x00000236712a5d40 JavaThread "Service Thread"             daemon [_thread_blocked, id=296, stack(0x0000006ceda00000,0x0000006cedb00000) (1024K)]
  0x00000236712a67a0 JavaThread "Monitor Deflation Thread"   daemon [_thread_blocked, id=14892, stack(0x0000006cedb00000,0x0000006cedc00000) (1024K)]
=>0x00000236712ab600 JavaThread "C2 CompilerThread0"         daemon [_thread_in_native, id=9848, stack(0x0000006cedc00000,0x0000006cedd00000) (1024K)]
  0x0000023671321d30 JavaThread "C1 CompilerThread0"         daemon [_thread_blocked, id=9392, stack(0x0000006cedd00000,0x0000006cede00000) (1024K)]
  0x0000023679a89160 JavaThread "Common-Cleaner"             daemon [_thread_blocked, id=16356, stack(0x0000006cede00000,0x0000006cedf00000) (1024K)]
  0x0000023679bf8ea0 JavaThread "Notification Thread"        daemon [_thread_blocked, id=5888, stack(0x0000006cedf00000,0x0000006cee000000) (1024K)]
  0x000002367e187c50 JavaThread "Active Thread: Equinox Container: e638a194-06cf-46f0-a27d-3e875a836489"        [_thread_blocked, id=4900, stack(0x0000006cee300000,0x0000006cee400000) (1024K)]
Total: 12

Other Threads:
  0x000002367146cba0 VMThread "VM Thread"                           [id=8768, stack(0x0000006ced500000,0x0000006ced600000) (1024K)]
  0x0000023671417ea0 WatcherThread "VM Periodic Task Thread"        [id=9064, stack(0x0000006ced400000,0x0000006ced500000) (1024K)]
  0x00000236713c9430 WorkerThread "GC Thread#0"                     [id=6028, stack(0x0000006ced300000,0x0000006ced400000) (1024K)]
  0x0000023679d3e770 WorkerThread "GC Thread#1"                     [id=17288, stack(0x0000006cee000000,0x0000006cee100000) (1024K)]
  0x0000023679d3eb20 WorkerThread "GC Thread#2"                     [id=7644, stack(0x0000006cee100000,0x0000006cee200000) (1024K)]
  0x0000023679cff7b0 WorkerThread "GC Thread#3"                     [id=16452, stack(0x0000006cee200000,0x0000006cee300000) (1024K)]
Total: 6

Threads with active compile tasks:
C2 CompilerThread0  5372 1621       4       lombok.patcher.scripts.MethodLevelPatchScript::patch (21 bytes)
Total: 1

VM state: not at safepoint (normal execution)

VM Mutex/Monitor currently owned by a thread: None

Heap address: 0x0000000080000000, size: 2048 MB, Compressed Oops mode: 32-bit

CDS archive(s) mapped at: [0x000002360f000000-0x000002360fba0000-0x000002360fba0000), size 12189696, SharedBaseAddress: 0x000002360f000000, ArchiveRelocationMode: 1.
Compressed class space mapped at: 0x0000023610000000-0x0000023650000000, reserved size: 1073741824
Narrow klass base: 0x000002360f000000, Narrow klass shift: 0, Narrow klass range: 0x100000000

GC Precious Log:
 CardTable entry size: 512
 CPUs: 4 total, 4 available
 Memory: 3819M
 Large Page Support: Disabled
 NUMA Support: Disabled
 Compressed Oops: Enabled (32-bit)
 Alignments: Space 512K, Generation 512K, Heap 2M
 Heap Min Capacity: 100M
 Heap Initial Capacity: 100M
 Heap Max Capacity: 2G
 Pre-touch: Disabled
 Parallel Workers: 4

Heap:
 PSYoungGen      total 29696K, used 21648K [0x00000000d5580000, 0x00000000d7680000, 0x0000000100000000)
  eden space 25600K, 71% used [0x00000000d5580000,0x00000000d67641e8,0x00000000d6e80000)
  from space 4096K, 81% used [0x00000000d6e80000,0x00000000d71c0158,0x00000000d7280000)
  to   space 4096K, 0% used [0x00000000d7280000,0x00000000d7280000,0x00000000d7680000)
 ParOldGen       total 68608K, used 16K [0x0000000080000000, 0x0000000084300000, 0x00000000d5580000)
  object space 68608K, 0% used [0x0000000080000000,0x0000000080004000,0x0000000084300000)
 Metaspace       used 7110K, committed 7360K, reserved 1114112K
  class space    used 719K, committed 832K, reserved 1048576K

Card table byte_map: [0x0000023670d50000,0x0000023671160000] _byte_map_base: 0x0000023670950000

Marking Bits: (ParMarkBitMap*) 0x00007ffca6ac4460
 Begin Bits: [0x0000023674860000, 0x0000023676860000)
 End Bits:   [0x0000023676860000, 0x0000023678860000)

Polling page: 0x000002366f1c0000

Metaspace:

Usage:
  Non-class:      6.24 MB used.
      Class:    719.00 KB used.
       Both:      6.94 MB used.

Virtual space:
  Non-class space:       64.00 MB reserved,       6.38 MB ( 10%) committed,  1 nodes.
      Class space:        1.00 GB reserved,     832.00 KB ( <1%) committed,  1 nodes.
             Both:        1.06 GB reserved,       7.19 MB ( <1%) committed. 

Chunk freelists:
   Non-Class:  9.45 MB
       Class:  15.01 MB
        Both:  24.47 MB

MaxMetaspaceSize: unlimited
CompressedClassSpaceSize: 1.00 GB
Initial GC threshold: 21.00 MB
Current GC threshold: 21.00 MB
CDS: on
 - commit_granule_bytes: 65536.
 - commit_granule_words: 8192.
 - virtual_space_node_default_size: 8388608.
 - enlarge_chunks_in_place: 1.
 - use_allocation_guard: 0.


Internal statistics:

num_allocs_failed_limit: 0.
num_arena_births: 212.
num_arena_deaths: 0.
num_vsnodes_births: 2.
num_vsnodes_deaths: 0.
num_space_committed: 115.
num_space_uncommitted: 0.
num_chunks_returned_to_freelist: 0.
num_chunks_taken_from_freelist: 365.
num_chunk_merges: 0.
num_chunk_splits: 238.
num_chunks_enlarged: 154.
num_inconsistent_stats: 0.

CodeHeap 'non-profiled nmethods': size=120000Kb used=698Kb max_used=698Kb free=119301Kb
 bounds [0x0000023607ad0000, 0x0000023607d40000, 0x000002360f000000]
CodeHeap 'profiled nmethods': size=120000Kb used=2975Kb max_used=2975Kb free=117024Kb
 bounds [0x0000023600000000, 0x00000236002f0000, 0x0000023607530000]
CodeHeap 'non-nmethods': size=5760Kb used=1220Kb max_used=1238Kb free=4539Kb
 bounds [0x0000023607530000, 0x00000236077a0000, 0x0000023607ad0000]
CodeCache: size=245760Kb, used=4893Kb, max_used=4911Kb, free=240864Kb
 total_blobs=2162, nmethods=1685, adapters=384, full_count=0
Compilation: enabled, stopped_count=0, restarted_count=0

Compilation events (20 events):
Event: 5.151 Thread 0x0000023671321d30 1641       3       java.lang.ReflectiveOperationException::<init> (7 bytes)
Event: 5.151 Thread 0x0000023671321d30 nmethod 1641 0x00000236002cda90 code [0x00000236002cdc40, 0x00000236002cddd8]
Event: 5.151 Thread 0x0000023671321d30 1642       3       java.lang.Exception::<init> (7 bytes)
Event: 5.151 Thread 0x0000023671321d30 nmethod 1642 0x00000236002cde90 code [0x00000236002ce040, 0x00000236002ce178]
Event: 5.152 Thread 0x0000023671321d30 1643       3       java.util.jar.JarVerifier$VerifierStream::close (30 bytes)
Event: 5.152 Thread 0x0000023671321d30 nmethod 1643 0x00000236002ce210 code [0x00000236002ce3c0, 0x00000236002ce610]
Event: 5.152 Thread 0x0000023671321d30 1644       3       java.security.MessageDigest::getInstance (113 bytes)
Event: 5.153 Thread 0x0000023671321d30 nmethod 1644 0x00000236002ce710 code [0x00000236002ceae0, 0x00000236002d0328]
Event: 5.153 Thread 0x0000023671321d30 1645       3       java.security.Security::getImpl (14 bytes)
Event: 5.154 Thread 0x0000023671321d30 nmethod 1645 0x00000236002d0b10 code [0x00000236002d0d00, 0x00000236002d1298]
Event: 5.154 Thread 0x0000023671321d30 1646   !   3       java.security.Security::getSpiClass (75 bytes)
Event: 5.154 Thread 0x0000023671321d30 nmethod 1646 0x00000236002d1490 code [0x00000236002d1740, 0x00000236002d20b8]
Event: 5.154 Thread 0x0000023671321d30 1648       3       java.security.CodeSource::matchCerts (254 bytes)
Event: 5.155 Thread 0x0000023671321d30 nmethod 1648 0x00000236002d2590 code [0x00000236002d2800, 0x00000236002d32c0]
Event: 5.155 Thread 0x0000023671321d30 1647       3       java.security.SecureClassLoader$CodeSourceKey::equals (60 bytes)
Event: 5.156 Thread 0x0000023671321d30 nmethod 1647 0x00000236002d3690 code [0x00000236002d38a0, 0x00000236002d3ed8]
Event: 5.157 Thread 0x0000023671321d30 1650   !   3       java.security.AccessController::doPrivileged (26 bytes)
Event: 5.158 Thread 0x0000023671321d30 nmethod 1650 0x00000236002d4090 code [0x00000236002d42a0, 0x00000236002d47e0]
Event: 5.159 Thread 0x0000023671321d30 1651       3       java.util.jar.JarFile$JarFileEntry::realEntry (67 bytes)
Event: 5.160 Thread 0x0000023671321d30 nmethod 1651 0x00000236002d4a90 code [0x00000236002d4ca0, 0x00000236002d5240]

GC Heap History (2 events):
Event: 3.072 GC heap before
{Heap before GC invocations=1 (full 0):
 PSYoungGen      total 29696K, used 25600K [0x00000000d5580000, 0x00000000d7680000, 0x0000000100000000)
  eden space 25600K, 100% used [0x00000000d5580000,0x00000000d6e80000,0x00000000d6e80000)
  from space 4096K, 0% used [0x00000000d7280000,0x00000000d7280000,0x00000000d7680000)
  to   space 4096K, 0% used [0x00000000d6e80000,0x00000000d6e80000,0x00000000d7280000)
 ParOldGen       total 68608K, used 0K [0x0000000080000000, 0x0000000084300000, 0x00000000d5580000)
  object space 68608K, 0% used [0x0000000080000000,0x0000000080000000,0x0000000084300000)
 Metaspace       used 4389K, committed 4608K, reserved 1114112K
  class space    used 475K, committed 576K, reserved 1048576K
}
Event: 3.081 GC heap after
{Heap after GC invocations=1 (full 0):
 PSYoungGen      total 29696K, used 3328K [0x00000000d5580000, 0x00000000d7680000, 0x0000000100000000)
  eden space 25600K, 0% used [0x00000000d5580000,0x00000000d5580000,0x00000000d6e80000)
  from space 4096K, 81% used [0x00000000d6e80000,0x00000000d71c0158,0x00000000d7280000)
  to   space 4096K, 0% used [0x00000000d7280000,0x00000000d7280000,0x00000000d7680000)
 ParOldGen       total 68608K, used 16K [0x0000000080000000, 0x0000000084300000, 0x00000000d5580000)
  object space 68608K, 0% used [0x0000000080000000,0x0000000080004000,0x0000000084300000)
 Metaspace       used 4389K, committed 4608K, reserved 1114112K
  class space    used 475K, committed 576K, reserved 1048576K
}

Dll operation events (8 events):
Event: 0.046 Loaded shared library c:\Users\mikha\.vscode\extensions\redhat.java-1.55.0-win32-x64\jre\21.0.11-win32-x86_64\bin\java.dll
Event: 0.801 Loaded shared library c:\Users\mikha\.vscode\extensions\redhat.java-1.55.0-win32-x64\jre\21.0.11-win32-x86_64\bin\zip.dll
Event: 1.030 Loaded shared library C:\Users\mikha\.vscode\extensions\redhat.java-1.55.0-win32-x64\jre\21.0.11-win32-x86_64\bin\instrument.dll
Event: 1.087 Loaded shared library C:\Users\mikha\.vscode\extensions\redhat.java-1.55.0-win32-x64\jre\21.0.11-win32-x86_64\bin\net.dll
Event: 1.111 Loaded shared library C:\Users\mikha\.vscode\extensions\redhat.java-1.55.0-win32-x64\jre\21.0.11-win32-x86_64\bin\nio.dll
Event: 1.120 Loaded shared library C:\Users\mikha\.vscode\extensions\redhat.java-1.55.0-win32-x64\jre\21.0.11-win32-x86_64\bin\zip.dll
Event: 1.212 Loaded shared library C:\Users\mikha\.vscode\extensions\redhat.java-1.55.0-win32-x64\jre\21.0.11-win32-x86_64\bin\jimage.dll
Event: 1.490 Loaded shared library c:\Users\mikha\.vscode\extensions\redhat.java-1.55.0-win32-x64\jre\21.0.11-win32-x86_64\bin\verify.dll

Deoptimization events (20 events):
Event: 4.088 Thread 0x00000236713ab110 DEOPT PACKING pc=0x0000023607b26514 sp=0x0000006ced2f88f0
Event: 4.088 Thread 0x00000236713ab110 DEOPT UNPACKING pc=0x0000023607586da2 sp=0x0000006ced2f8848 mode 2
Event: 4.129 Thread 0x00000236713ab110 DEOPT PACKING pc=0x00000236000a598d sp=0x0000006ced2f7d30
Event: 4.129 Thread 0x00000236713ab110 DEOPT UNPACKING pc=0x00000236075878e2 sp=0x0000006ced2f71e0 mode 0
Event: 4.400 Thread 0x00000236713ab110 Uncommon trap: trap_request=0xffffffc6 fr.pc=0x0000023607b09d50 relative=0x0000000000000290
Event: 4.400 Thread 0x00000236713ab110 Uncommon trap: reason=bimorphic_or_optimized_type_check action=maybe_recompile pc=0x0000023607b09d50 method=java.util.Collections$UnmodifiableCollection$1.next()Ljava/lang/Object; @ 4 c2
Event: 4.400 Thread 0x00000236713ab110 DEOPT PACKING pc=0x0000023607b09d50 sp=0x0000006ced2f8380
Event: 4.400 Thread 0x00000236713ab110 DEOPT UNPACKING pc=0x0000023607586da2 sp=0x0000006ced2f8330 mode 2
Event: 4.400 Thread 0x00000236713ab110 Uncommon trap: trap_request=0xffffffc6 fr.pc=0x0000023607b09d50 relative=0x0000000000000290
Event: 4.400 Thread 0x00000236713ab110 Uncommon trap: reason=bimorphic_or_optimized_type_check action=maybe_recompile pc=0x0000023607b09d50 method=java.util.Collections$UnmodifiableCollection$1.next()Ljava/lang/Object; @ 4 c2
Event: 4.400 Thread 0x00000236713ab110 DEOPT PACKING pc=0x0000023607b09d50 sp=0x0000006ced2f8380
Event: 4.400 Thread 0x00000236713ab110 DEOPT UNPACKING pc=0x0000023607586da2 sp=0x0000006ced2f8330 mode 2
Event: 5.105 Thread 0x00000236713ab110 Uncommon trap: trap_request=0xffffff45 fr.pc=0x0000023607b5554c relative=0x00000000000000ac
Event: 5.105 Thread 0x00000236713ab110 Uncommon trap: reason=unstable_if action=reinterpret pc=0x0000023607b5554c method=java.util.concurrent.locks.ReentrantLock$NonfairSync.initialTryLock()Z @ 10 c2
Event: 5.105 Thread 0x00000236713ab110 DEOPT PACKING pc=0x0000023607b5554c sp=0x0000006ced2fe6f0
Event: 5.105 Thread 0x00000236713ab110 DEOPT UNPACKING pc=0x0000023607586da2 sp=0x0000006ced2fe680 mode 2
Event: 5.108 Thread 0x00000236713ab110 Uncommon trap: trap_request=0xffffff45 fr.pc=0x0000023607b551b4 relative=0x0000000000000094
Event: 5.108 Thread 0x00000236713ab110 Uncommon trap: reason=unstable_if action=reinterpret pc=0x0000023607b551b4 method=java.util.concurrent.locks.ReentrantLock$Sync.tryRelease(I)Z @ 26 c2
Event: 5.108 Thread 0x00000236713ab110 DEOPT PACKING pc=0x0000023607b551b4 sp=0x0000006ced2fe7c0
Event: 5.108 Thread 0x00000236713ab110 DEOPT UNPACKING pc=0x0000023607586da2 sp=0x0000006ced2fe740 mode 2

Classes loaded (20 events):
Event: 4.495 Loading class java/security/cert/CertificateException
Event: 4.496 Loading class java/security/cert/CertificateException done
Event: 4.496 Loading class java/security/NoSuchAlgorithmException
Event: 4.498 Loading class java/security/NoSuchAlgorithmException done
Event: 4.498 Loading class java/security/NoSuchProviderException
Event: 4.498 Loading class java/security/NoSuchProviderException done
Event: 4.599 Loading class java/util/Collections$UnmodifiableMap$UnmodifiableEntrySet
Event: 4.600 Loading class java/util/Collections$UnmodifiableMap$UnmodifiableEntrySet done
Event: 4.600 Loading class java/util/Collections$UnmodifiableMap$UnmodifiableEntrySet$1
Event: 4.602 Loading class java/util/Collections$UnmodifiableMap$UnmodifiableEntrySet$1 done
Event: 4.603 Loading class java/util/Collections$UnmodifiableMap$UnmodifiableEntrySet$UnmodifiableEntry
Event: 4.604 Loading class java/util/Collections$UnmodifiableMap$UnmodifiableEntrySet$UnmodifiableEntry done
Event: 4.905 Loading class java/lang/reflect/TypeVariable
Event: 4.918 Loading class java/lang/reflect/TypeVariable done
Event: 4.918 Loading class java/lang/InstantiationException
Event: 4.919 Loading class java/lang/InstantiationException done
Event: 4.919 Loading class java/lang/reflect/AnnotatedType
Event: 4.920 Loading class java/lang/reflect/AnnotatedType done
Event: 4.971 Loading class java/util/ArrayList$SubList$1
Event: 4.972 Loading class java/util/ArrayList$SubList$1 done

Classes unloaded (0 events):
No events

Classes redefined (0 events):
No events

Internal exceptions (20 events):
Event: 2.302 Thread 0x00000236713ab110 Exception <a 'java/io/FileNotFoundException'{0x00000000d64caa90}> (0x00000000d64caa90) 
thrown [s\src\hotspot\share\prims\jni.cpp, line 520]
Event: 2.322 Thread 0x00000236713ab110 Implicit null exception at 0x0000023607afe124 to 0x0000023607afe724
Event: 2.322 Thread 0x00000236713ab110 Implicit null exception at 0x0000023607afeda0 to 0x0000023607aff398
Event: 2.329 Thread 0x00000236713ab110 Exception <a 'java/io/FileNotFoundException'{0x00000000d6504790}> (0x00000000d6504790) 
thrown [s\src\hotspot\share\prims\jni.cpp, line 520]
Event: 2.356 Thread 0x00000236713ab110 Exception <a 'java/lang/NoSuchMethodError'{0x00000000d6540c88}: 'java.lang.Object java.lang.invoke.DirectMethodHandle$Holder.invokeInterface(java.lang.Object, java.lang.Object)'> (0x00000000d6540c88) 
thrown [s\src\hotspot\share\interpreter\linkResolver.cpp, line 773]
Event: 2.364 Thread 0x00000236713ab110 Exception <a 'java/lang/NoSuchMethodError'{0x00000000d65547a8}: 'java.lang.Object java.lang.invoke.Invokers$Holder.invokeExact_MT(java.lang.Object, java.lang.Object, java.lang.Object, java.lang.Object, java.lang.Object, java.lang.Object)'> (0x00000000d65547a8) 
thrown [s\src\hotspot\share\interpreter\linkResolver.cpp, line 773]
Event: 2.373 Thread 0x00000236713ab110 Exception <a 'java/lang/NoSuchMethodError'{0x00000000d656b880}: 'int java.lang.invoke.DirectMethodHandle$Holder.invokeStatic(java.lang.Object, java.lang.Object, java.lang.Object, java.lang.Object, java.lang.Object)'> (0x00000000d656b880) 
thrown [s\src\hotspot\share\interpreter\linkResolver.cpp, line 773]
Event: 2.430 Thread 0x00000236713ab110 Exception <a 'java/lang/NoSuchMethodError'{0x00000000d66014f0}: 'java.lang.Object java.lang.invoke.DirectMethodHandle$Holder.invokeInterface(java.lang.Object, java.lang.Object, int)'> (0x00000000d66014f0) 
thrown [s\src\hotspot\share\interpreter\linkResolver.cpp, line 773]
Event: 2.808 Thread 0x00000236713ab110 Exception <a 'java/lang/NoSuchMethodError'{0x00000000d6a68a38}: 'java.lang.ClassLoader java.lang.ClassLoader.getPlatformClassLoader(java.lang.Class)'> (0x00000000d6a68a38) 
thrown [s\src\hotspot\share\interpreter\linkResolver.cpp, line 773]
Event: 3.101 Thread 0x00000236713ab110 Exception <a 'java/lang/ClassNotFoundException'{0x00000000d5588528}: sun/net/www/protocol/c/Handler> (0x00000000d5588528) 
thrown [s\src\hotspot\share\classfile\systemDictionary.cpp, line 313]
Event: 3.102 Thread 0x00000236713ab110 Exception <a 'java/lang/ClassNotFoundException'{0x00000000d55898e0}: sun/net/www/protocol/c/Handler> (0x00000000d55898e0) 
thrown [s\src\hotspot\share\classfile\systemDictionary.cpp, line 313]
Event: 3.102 Thread 0x00000236713ab110 Exception <a 'java/lang/ClassNotFoundException'{0x00000000d558aaf0}: sun/net/www/protocol/c/Handler> (0x00000000d558aaf0) 
thrown [s\src\hotspot\share\classfile\systemDictionary.cpp, line 313]
Event: 3.128 Thread 0x00000236713ab110 Exception <a 'java/io/FileNotFoundException'{0x00000000d55b3ef0}> (0x00000000d55b3ef0) 
thrown [s\src\hotspot\share\prims\jni.cpp, line 520]
Event: 3.224 Thread 0x00000236713ab110 Implicit null exception at 0x0000023607b2bfc9 to 0x0000023607b2c954
Event: 3.225 Thread 0x00000236713ab110 Implicit null exception at 0x0000023607b4049a to 0x0000023607b406a0
Event: 3.228 Thread 0x00000236713ab110 Exception <a 'java/lang/NoSuchMethodError'{0x00000000d56e58b8}: 'void java.lang.invoke.DirectMethodHandle$Holder.invokeStatic(java.lang.Object, java.lang.Object, java.lang.Object, java.lang.Object)'> (0x00000000d56e58b8) 
thrown [s\src\hotspot\share\interpreter\linkResolver.cpp, line 773]
Event: 3.235 Thread 0x00000236713ab110 Implicit null exception at 0x0000023607b3b71a to 0x0000023607b3b924
Event: 3.235 Thread 0x00000236713ab110 Implicit null exception at 0x0000023607b2fabd to 0x0000023607b2fb41
Event: 3.529 Thread 0x00000236713ab110 Exception <a 'java/lang/NoSuchMethodError'{0x00000000d59cfd90}: 'void java.lang.invoke.DirectMethodHandle$Holder.invokeSpecial(java.lang.Object, java.lang.Object, java.lang.Object)'> (0x00000000d59cfd90) 
thrown [s\src\hotspot\share\interpreter\linkResolver.cpp, line 773]
Event: 4.933 Thread 0x00000236713ab110 Exception <a 'java/lang/NoSuchMethodError'{0x00000000d643d508}: 'int java.lang.invoke.DirectMethodHandle$Holder.invokeVirtual(java.lang.Object, java.lang.Object)'> (0x00000000d643d508) 
thrown [s\src\hotspot\share\interpreter\linkResolver.cpp, line 773]

ZGC Phase Switch (0 events):
No events

VM Operations (20 events):
Event: 0.783 Executing non-safepoint VM operation: HandshakeAllThreads (Deoptimize)
Event: 0.784 Executing non-safepoint VM operation: HandshakeAllThreads (Deoptimize) done
Event: 1.285 Executing non-safepoint VM operation: HandshakeAllThreads (Deoptimize)
Event: 1.285 Executing non-safepoint VM operation: HandshakeAllThreads (Deoptimize) done
Event: 1.285 Executing safepoint VM operation: Cleanup
Event: 1.285 Executing safepoint VM operation: Cleanup done
Event: 2.180 Executing non-safepoint VM operation: HandshakeAllThreads (Deoptimize)
Event: 2.180 Executing non-safepoint VM operation: HandshakeAllThreads (Deoptimize) done
Event: 2.229 Executing non-safepoint VM operation: HandshakeAllThreads (Deoptimize)
Event: 2.229 Executing non-safepoint VM operation: HandshakeAllThreads (Deoptimize) done
Event: 3.003 Executing non-safepoint VM operation: HandshakeAllThreads (Deoptimize)
Event: 3.003 Executing non-safepoint VM operation: HandshakeAllThreads (Deoptimize) done
Event: 3.003 Executing safepoint VM operation: Cleanup
Event: 3.004 Executing safepoint VM operation: Cleanup done
Event: 3.072 Executing safepoint VM operation: ParallelGCFailedAllocation (Allocation Failure)
Event: 3.081 Executing safepoint VM operation: ParallelGCFailedAllocation (Allocation Failure) done
Event: 4.091 Executing safepoint VM operation: Cleanup
Event: 4.091 Executing safepoint VM operation: Cleanup done
Event: 5.098 Executing safepoint VM operation: Cleanup
Event: 5.098 Executing safepoint VM operation: Cleanup done

Memory protections (0 events):
No events

Nmethod flushes (0 events):
No events

Events (11 events):
Event: 0.165 Thread 0x00000236713ab110 Thread added: 0x00000236713ab110
Event: 0.269 Thread 0x00000236713ab110 Thread added: 0x0000023671298800
Event: 0.270 Thread 0x00000236713ab110 Thread added: 0x000002367129a6d0
Event: 0.270 Thread 0x00000236713ab110 Thread added: 0x00000236712a44d0
Event: 0.270 Thread 0x00000236713ab110 Thread added: 0x00000236712a52e0
Event: 0.271 Thread 0x00000236713ab110 Thread added: 0x00000236712a5d40
Event: 0.271 Thread 0x00000236713ab110 Thread added: 0x00000236712a67a0
Event: 0.272 Thread 0x00000236713ab110 Thread added: 0x00000236712ab600
Event: 0.289 Thread 0x00000236713ab110 Thread added: 0x0000023671321d30
Event: 1.035 Thread 0x00000236713ab110 Thread added: 0x0000023679a89160
Event: 1.706 Thread 0x00000236713ab110 Thread added: 0x0000023679bf8ea0


Dynamic libraries:
0x00007ff78ead0000 - 0x00007ff78eade000 	c:\Users\mikha\.vscode\extensions\redhat.java-1.55.0-win32-x64\jre\21.0.11-win32-x86_64\bin\java.exe
0x00007ffd2d1e0000 - 0x00007ffd2d446000 	C:\WINDOWS\SYSTEM32\ntdll.dll
0x00007ffd2b1a0000 - 0x00007ffd2b269000 	C:\WINDOWS\System32\KERNEL32.DLL
0x00007ffd2a6b0000 - 0x00007ffd2aaae000 	C:\WINDOWS\System32\KERNELBASE.dll
0x00007ffd2aac0000 - 0x00007ffd2ac0c000 	C:\WINDOWS\System32\ucrtbase.dll
0x00007ffd0f960000 - 0x00007ffd0f978000 	c:\Users\mikha\.vscode\extensions\redhat.java-1.55.0-win32-x64\jre\21.0.11-win32-x86_64\bin\jli.dll
0x00007ffd2c260000 - 0x00007ffd2c427000 	C:\WINDOWS\System32\USER32.dll
0x00007ffd2a680000 - 0x00007ffd2a6a7000 	C:\WINDOWS\System32\win32u.dll
0x00007ffd2c630000 - 0x00007ffd2c65b000 	C:\WINDOWS\System32\GDI32.dll
0x00007ffd2a400000 - 0x00007ffd2a52a000 	C:\WINDOWS\System32\gdi32full.dll
0x00007ffd2ada0000 - 0x00007ffd2ae43000 	C:\WINDOWS\System32\msvcp_win.dll
0x00007ffd036a0000 - 0x00007ffd036be000 	c:\Users\mikha\.vscode\extensions\redhat.java-1.55.0-win32-x64\jre\21.0.11-win32-x86_64\bin\VCRUNTIME140.dll
0x00007ffd12fe0000 - 0x00007ffd13272000 	C:\WINDOWS\WinSxS\amd64_microsoft.windows.common-controls_6595b64144ccf1df_6.0.26100.8875_none_3e0d5d42e32fe9dd\COMCTL32.dll
0x00007ffd2bb10000 - 0x00007ffd2bbb9000 	C:\WINDOWS\System32\msvcrt.dll
0x00007ffd2c120000 - 0x00007ffd2c152000 	C:\WINDOWS\System32\IMM32.DLL
0x00007ffd17df0000 - 0x00007ffd17dfc000 	c:\Users\mikha\.vscode\extensions\redhat.java-1.55.0-win32-x64\jre\21.0.11-win32-x86_64\bin\vcruntime140_1.dll
0x00007ffca9f60000 - 0x00007ffca9fed000 	c:\Users\mikha\.vscode\extensions\redhat.java-1.55.0-win32-x64\jre\21.0.11-win32-x86_64\bin\msvcp140.dll
0x00007ffca5e00000 - 0x00007ffca6ba2000 	c:\Users\mikha\.vscode\extensions\redhat.java-1.55.0-win32-x64\jre\21.0.11-win32-x86_64\bin\server\jvm.dll
0x00007ffd2bbc0000 - 0x00007ffd2bc77000 	C:\WINDOWS\System32\ADVAPI32.dll
0x00007ffd2b0f0000 - 0x00007ffd2b19a000 	C:\WINDOWS\System32\sechost.dll
0x00007ffd2c510000 - 0x00007ffd2c628000 	C:\WINDOWS\System32\RPCRT4.dll
0x00007ffd2c720000 - 0x00007ffd2c7a0000 	C:\WINDOWS\System32\WS2_32.dll
0x00007ffd2a260000 - 0x00007ffd2a2be000 	C:\WINDOWS\SYSTEM32\POWRPROF.dll
0x00007ffd14690000 - 0x00007ffd146c6000 	C:\WINDOWS\SYSTEM32\WINMM.dll
0x00007ffd18240000 - 0x00007ffd1824b000 	C:\WINDOWS\SYSTEM32\VERSION.dll
0x00007ffd2a240000 - 0x00007ffd2a254000 	C:\WINDOWS\SYSTEM32\UMPDC.dll
0x00007ffd290e0000 - 0x00007ffd290fb000 	C:\WINDOWS\SYSTEM32\kernel.appcore.dll
0x00007ffd17da0000 - 0x00007ffd17daa000 	c:\Users\mikha\.vscode\extensions\redhat.java-1.55.0-win32-x64\jre\21.0.11-win32-x86_64\bin\jimage.dll
0x00007ffd279e0000 - 0x00007ffd27c22000 	C:\WINDOWS\SYSTEM32\DBGHELP.DLL
0x00007ffd2bc80000 - 0x00007ffd2c003000 	C:\WINDOWS\System32\combase.dll
0x00007ffd2c430000 - 0x00007ffd2c509000 	C:\WINDOWS\System32\OLEAUT32.dll
0x00007ffd0f9d0000 - 0x00007ffd0fa0b000 	C:\WINDOWS\SYSTEM32\dbgcore.DLL
0x00007ffd2a5c0000 - 0x00007ffd2a66c000 	C:\WINDOWS\System32\bcryptPrimitives.dll
0x00007ffd0f9c0000 - 0x00007ffd0f9cf000 	c:\Users\mikha\.vscode\extensions\redhat.java-1.55.0-win32-x64\jre\21.0.11-win32-x86_64\bin\instrument.dll
0x00007ffd0f9a0000 - 0x00007ffd0f9c0000 	c:\Users\mikha\.vscode\extensions\redhat.java-1.55.0-win32-x64\jre\21.0.11-win32-x86_64\bin\java.dll
0x00007ffd2b270000 - 0x00007ffd2ba02000 	C:\WINDOWS\System32\SHELL32.dll
0x00007ffd27ea0000 - 0x00007ffd28732000 	C:\WINDOWS\SYSTEM32\windows.storage.dll
0x00007ffd2c160000 - 0x00007ffd2c257000 	C:\WINDOWS\System32\SHCORE.dll
0x00007ffd2ba80000 - 0x00007ffd2bae7000 	C:\WINDOWS\System32\shlwapi.dll
0x00007ffd2a320000 - 0x00007ffd2a349000 	C:\WINDOWS\SYSTEM32\profapi.dll
0x00007ffd0f980000 - 0x00007ffd0f998000 	c:\Users\mikha\.vscode\extensions\redhat.java-1.55.0-win32-x64\jre\21.0.11-win32-x86_64\bin\zip.dll
0x00007ffd0f840000 - 0x00007ffd0f850000 	C:\Users\mikha\.vscode\extensions\redhat.java-1.55.0-win32-x64\jre\21.0.11-win32-x86_64\bin\net.dll
0x00007ffd1aa20000 - 0x00007ffd1ab47000 	C:\WINDOWS\SYSTEM32\WINHTTP.dll
0x00007ffd29690000 - 0x00007ffd296fc000 	C:\WINDOWS\system32\mswsock.dll
0x00007ffd03390000 - 0x00007ffd033a6000 	C:\Users\mikha\.vscode\extensions\redhat.java-1.55.0-win32-x64\jre\21.0.11-win32-x86_64\bin\nio.dll
0x00007ffd0f3f0000 - 0x00007ffd0f400000 	c:\Users\mikha\.vscode\extensions\redhat.java-1.55.0-win32-x64\jre\21.0.11-win32-x86_64\bin\verify.dll

JVMTI agents:
c:\Users\mikha\.vscode\extensions\redhat.java-1.55.0-win32-x64\lombok\lombok-1.18.39-4050.jar path:c:\Users\mikha\.vscode\extensions\redhat.java-1.55.0-win32-x64\jre\21.0.11-win32-x86_64\bin\instrument.dll, loaded, initialized, instrumentlib options:none

dbghelp: loaded successfully - version: 4.0.5 - missing functions: none
symbol engine: initialized successfully - sym options: 0x614 - pdb path: .;c:\Users\mikha\.vscode\extensions\redhat.java-1.55.0-win32-x64\jre\21.0.11-win32-x86_64\bin;C:\WINDOWS\SYSTEM32;C:\WINDOWS\WinSxS\amd64_microsoft.windows.common-controls_6595b64144ccf1df_6.0.26100.8875_none_3e0d5d42e32fe9dd;c:\Users\mikha\.vscode\extensions\redhat.java-1.55.0-win32-x64\jre\21.0.11-win32-x86_64\bin\server

VM Arguments:
jvm_args: --add-modules=ALL-SYSTEM --add-opens=java.base/java.util=ALL-UNNAMED --add-opens=java.base/java.lang=ALL-UNNAMED --add-opens=java.base/sun.nio.fs=ALL-UNNAMED -Declipse.application=org.eclipse.jdt.ls.core.id1 -Dosgi.bundles.defaultStartLevel=4 -Declipse.product=org.eclipse.jdt.ls.core.product -Djava.import.generatesMetadataFilesAtProjectRoot=false -DDetectVMInstallationsJob.disabled=true -Dfile.encoding=utf8 -XX:+UseParallelGC -XX:GCTimeRatio=4 -XX:AdaptiveSizePolicyWeight=90 -Dsun.zip.disableMemoryMapping=true -Xmx2G -Xms100m -Xlog:disable -javaagent:c:\Users\mikha\.vscode\extensions\redhat.java-1.55.0-win32-x64\lombok\lombok-1.18.39-4050.jar -XX:+HeapDumpOnOutOfMemoryError -XX:HeapDumpPath=c:\Users\mikha\AppData\Roaming\Code\User\workspaceStorage\2e6d2c080e5fc40c6e3ba34372fdbd9d\redhat.java -Daether.dependencyCollector.impl=bf 
java_command: c:\Users\mikha\.vscode\extensions\redhat.java-1.55.0-win32-x64\server\plugins\org.eclipse.equinox.launcher_1.7.200.v20260619-2039.jar -configuration c:\Users\mikha\AppData\Roaming\Code\User\globalStorage\redhat.java\1.55.0\config_win -data c:\Users\mikha\AppData\Roaming\Code\User\workspaceStorage\2e6d2c080e5fc40c6e3ba34372fdbd9d\redhat.java\jdt_ws --pipe=\\.\pipe\lsp-4eac818601d6c87b51ef8005d86de26e-sock
java_class_path (initial): c:\Users\mikha\.vscode\extensions\redhat.java-1.55.0-win32-x64\server\plugins\org.eclipse.equinox.launcher_1.7.200.v20260619-2039.jar
Launcher Type: SUN_STANDARD

[Global flags]
    uintx AdaptiveSizePolicyWeight                 = 90                                        {product} {command line}
     intx CICompilerCount                          = 3                                         {product} {ergonomic}
    uintx GCTimeRatio                              = 4                                         {product} {command line}
     bool HeapDumpOnOutOfMemoryError               = true                                   {manageable} {command line}
    ccstr HeapDumpPath                             = c:\Users\mikha\AppData\Roaming\Code\User\workspaceStorage\2e6d2c080e5fc40c6e3ba34372fdbd9d\redhat.java         {manageable} {command line}
   size_t InitialHeapSize                          = 104857600                                 {product} {command line}
   size_t MaxHeapSize                              = 2147483648                                {product} {command line}
   size_t MaxNewSize                               = 715653120                                 {product} {ergonomic}
   size_t MinHeapDeltaBytes                        = 524288                                    {product} {ergonomic}
   size_t MinHeapSize                              = 104857600                                 {product} {command line}
   size_t NewSize                                  = 34603008                                  {product} {ergonomic}
    uintx NonNMethodCodeHeapSize                   = 5832780                                {pd product} {ergonomic}
    uintx NonProfiledCodeHeapSize                  = 122912730                              {pd product} {ergonomic}
   size_t OldSize                                  = 70254592                                  {product} {ergonomic}
    uintx ProfiledCodeHeapSize                     = 122912730                              {pd product} {ergonomic}
    uintx ReservedCodeCacheSize                    = 251658240                              {pd product} {ergonomic}
     bool SegmentedCodeCache                       = true                                      {product} {ergonomic}
   size_t SoftMaxHeapSize                          = 2147483648                             {manageable} {ergonomic}
     bool UseCompressedOops                        = true                           {product lp64_product} {ergonomic}
     bool UseLargePagesIndividualAllocation        = false                                  {pd product} {ergonomic}
     bool UseParallelGC                            = true                                      {product} {command line}

Logging:
Log output configuration:
 #0: stdout all=off uptime,level,tags foldmultilines=false
 #1: stderr all=off uptime,level,tags foldmultilines=false

Release file:
JAVA_VERSION="21.0.11" 
MODULES="java.base java.compiler java.datatransfer java.xml java.prefs java.desktop java.instrument java.logging java.management java.security.sasl java.naming java.rmi java.management.rmi java.net.http java.scripting java.security.jgss java.transaction.xa java.sql java.sql.rowset java.xml.crypto java.se java.smartcardio jdk.accessibility jdk.internal.jvmstat jdk.attach jdk.charsets jdk.internal.opt jdk.zipfs jdk.compiler jdk.crypto.ec jdk.crypto.cryptoki jdk.crypto.mscapi jdk.dynalink jdk.internal.ed jdk.editpad jdk.hotspot.agent jdk.httpserver jdk.internal.le jdk.internal.vm.ci jdk.internal.vm.compiler jdk.internal.vm.compiler.management jdk.jartool jdk.javadoc jdk.jcmd jdk.management jdk.management.agent jdk.jconsole jdk.jdeps jdk.jdwp.agent jdk.jdi jdk.jfr jdk.jshell jdk.jsobject jdk.jstatd jdk.localedata jdk.management.jfr jdk.naming.dns jdk.naming.rmi jdk.net jdk.nio.mapmode jdk.random jdk.sctp jdk.security.auth jdk.security.jgss jdk.unsupported jdk.unsupported.desktop jdk.xml.dom" 

Environment Variables:
JAVA_HOME=C:\Program Files\Eclipse Adoptium\jdk-21.0.11.10-hotspot\
PATH=C:\Python314\Scripts\;C:\Python314\;C:\Program Files\Eclipse Adoptium\jdk-21.0.11.10-hotspot\bin;C:\WINDOWS\system32;C:\WINDOWS;C:\WINDOWS\System32\Wbem;C:\WINDOWS\System32\WindowsPowerShell\v1.0\;C:\WINDOWS\System32\OpenSSH\;C:\Program Files\Git\cmd;C:\Program Files\Docker\Docker\resources\bin;C:\Program Files\nodejs\;C:\ProgramData\chocolatey\bin;C:\Users\mikha\AppData\Local\Microsoft\WindowsApps;C:\Users\mikha\AppData\Local\Programs\Microsoft VS Code\bin;C:\Users\mikha\AppData\Roaming\npm
USERNAME=mikha
OS=Windows_NT
PROCESSOR_IDENTIFIER=Intel64 Family 6 Model 140 Stepping 1, GenuineIntel
TMP=C:\Users\mikha\AppData\Local\Temp
TEMP=C:\Users\mikha\AppData\Local\Temp




Periodic native trim disabled

---------------  S Y S T E M  ---------------

OS:
 Windows 11 , 64 bit Build 26100 (10.0.26100.8875)
OS uptime: 0 days 1:05 hours
Hyper-V role detected

CPU: total 4 (initial active 4) (2 cores per cpu, 2 threads per core) family 6 model 140 stepping 1 microcode 0x8a, cx8, cmov, fxsr, ht, mmx, 3dnowpref, sse, sse2, sse3, ssse3, sse4.1, sse4.2, popcnt, lzcnt, tsc, tscinvbit, avx, avx2, aes, erms, clmul, bmi1, bmi2, adx, avx512f, avx512dq, avx512cd, avx512bw, avx512vl, sha, fma, vzeroupper, avx512_vpopcntdq, avx512_vpclmulqdq, avx512_vaes, avx512_vnni, clflush, clflushopt, clwb, avx512_vbmi2, avx512_vbmi, hv, rdtscp, rdpid, fsrm, gfni, avx512_bitalg, f16c, cet_ibt, cet_ss, avx512_ifma
Processor Information for the first 4 processors :
  Max Mhz: 2995, Current Mhz: 2995, Mhz Limit: 2995

Memory: 4k page, system-wide physical 3819M (32M free)
TotalPageFile size 15595M (AvailPageFile size 0M)
current process WorkingSet (physical memory assigned to process): 86M, peak: 86M
current process commit charge ("private bytes"): 224M, peak: 224M

vm_info: OpenJDK 64-Bit Server VM (21.0.11+10-LTS) for windows-amd64 JRE (21.0.11+10-LTS), built on 2026-04-21T00:00:00Z by "admin" with MS VC++ 17.12 (VS2022)

END.
